{"logTime": "1228/110528", "correlationVector":"x+ahUGJvJiDIArhIw7FPDT.1","action":"SyncServerConnectionManagerRequest", "result":"SYNC_SERVER_OK", "context":{"environment":"Prod_SoutheastAsia_000j", "migrationStage":"NotStarted", "server":"GENERAL03000024"}}
{"logTime": "1228/110528", "correlationVector":"x+ahUGJvJiDIArhIw7FPDT","action":"Initial GetUpdates", "result":"", "context":Reason: NEW_CLIENT. cV=x+ahUGJvJiDIArhIw7FPDT}
{"logTime": "1228/110528", "correlationVector":"x+ahUGJvJiDIArhIw7FPDT.2","action":"GetUpdates Response", "result":"SYNCER_OK", "context":Received 1 update(s). cV=x+ahUGJvJiDIArhIw7FPDT.0;server=GENERAL03000024;cloudType=Consumer;environment=Prod_SoutheastAsia_000j;migrationStage=NotStarted}
{"logTime": "1228/110529", "correlationVector":"H6F+StQwqLRXbNnFpo3/ro","action":"SyncServerConnectionManagerRequest", "result":"SYNC_SERVER_OK", "context":{"environment":"", "migrationStage":"", "server":""}}
{"logTime": "1228/110529", "correlationVector":"zpZYOywvpDgwHT6Bz+ryJI","action":"Initial GetUpdates", "result":"", "context":Reason: NEW_CLIENT. cV=zpZYOywvpDgwHT6Bz+ryJI}
{"logTime": "1228/110530", "correlationVector":"zpZYOywvpDgwHT6Bz+ryJI.1","action":"SyncServerConnectionManagerRequest", "result":"SYNC_SERVER_OK", "context":{"environment":"Prod_SoutheastAsia_000j", "migrationStage":"NotStarted", "server":"GENERAL03000020"}}
{"logTime": "1228/110530", "correlationVector":"zpZYOywvpDgwHT6Bz+ryJI.2","action":"GetUpdates Response", "result":"SYNCER_OK", "context":Received 13 update(s). cV=zpZYOywvpDgwHT6Bz+ryJI.0;server=GENERAL03000020;cloudType=Consumer;environment=Prod_SoutheastAsia_000j;migrationStage=NotStarted}
{"logTime": "1228/110530", "correlationVector":"PdaaNG0naAznUkVCP0jp4R","action":"Normal GetUpdate request", "result":"", "context":cV=PdaaNG0naAznUkVCP0jp4R
Nudged types: Device Info, User Consents
Refresh requested types: Device Info, User Consents, Send Tab To Self, Encryption Keys}
{"logTime": "1228/110530", "correlationVector":"PdaaNG0naAznUkVCP0jp4R.1","action":"SyncServerConnectionManagerRequest", "result":"SYNC_SERVER_OK", "context":{"environment":"Prod_SoutheastAsia_000j", "migrationStage":"NotStarted", "server":"GENERAL03000024"}}
{"logTime": "1228/110530", "correlationVector":"PdaaNG0naAznUkVCP0jp4R.2","action":"GetUpdates Response", "result":"SYNCER_OK", "context":Received 0 update(s). cV=PdaaNG0naAznUkVCP0jp4R.0;server=GENERAL03000024;cloudType=Consumer;environment=Prod_SoutheastAsia_000j;migrationStage=NotStarted}
{"logTime": "1228/110530", "correlationVector":"W1dHzV6J3a3pv6O6q9yhK6","action":"Commit Request", "result":"", "context":Item count: 1
Contributing types: Device Info}
{"logTime": "1228/110530", "correlationVector":"W1dHzV6J3a3pv6O6q9yhK6.1","action":"SyncServerConnectionManagerRequest", "result":"SYNC_SERVER_OK", "context":{"environment":"Prod_SoutheastAsia_000j", "migrationStage":"NotStarted", "server":"GENERAL0100001K"}}
{"logTime": "1228/110530", "correlationVector":"W1dHzV6J3a3pv6O6q9yhK6.2","action":"Commit Response", "result":"SYNCER_OK", "context":Result: SYNCER_OK. cV=W1dHzV6J3a3pv6O6q9yhK6.0;server=GENERAL0100001K;cloudType=Consumer;environment=Prod_SoutheastAsia_000j;migrationStage=NotStarted}
{"logTime": "1228/110530", "correlationVector":"6dj1njJh8r6o5g+Ve8Q3VT","action":"Commit Request", "result":"", "context":Item count: 1
Contributing types: User Consents}
{"logTime": "1228/110531", "correlationVector":"6dj1njJh8r6o5g+Ve8Q3VT.1","action":"SyncServerConnectionManagerRequest", "result":"SYNC_SERVER_OK", "context":{"environment":"Prod_SoutheastAsia_000j", "migrationStage":"NotStarted", "server":"GENERAL01000008"}}
{"logTime": "1228/110531", "correlationVector":"6dj1njJh8r6o5g+Ve8Q3VT.2","action":"Commit Response", "result":"SYNCER_OK", "context":Result: SYNCER_OK. cV=6dj1njJh8r6o5g+Ve8Q3VT.0;server=GENERAL01000008;cloudType=Consumer;environment=Prod_SoutheastAsia_000j;migrationStage=NotStarted}
{"logTime": "1228/110531", "correlationVector":"NFojfgZlqgVJIHGO7oXD9K","action":"Normal GetUpdate request", "result":"", "context":cV=NFojfgZlqgVJIHGO7oXD9K
Nudged types: Device Info}
{"logTime": "1228/110531", "correlationVector":"NFojfgZlqgVJIHGO7oXD9K.1","action":"SyncServerConnectionManagerRequest", "result":"SYNC_SERVER_OK", "context":{"environment":"Prod_SoutheastAsia_000j", "migrationStage":"NotStarted", "server":"GENERAL0300000X"}}
{"logTime": "1228/110531", "correlationVector":"NFojfgZlqgVJIHGO7oXD9K.2","action":"GetUpdates Response", "result":"SYNCER_OK", "context":Received 1 update(s). cV=NFojfgZlqgVJIHGO7oXD9K.0;server=GENERAL0300000X;cloudType=Consumer;environment=Prod_SoutheastAsia_000j;migrationStage=NotStarted}
